Started GET "/" for ::1 at 2021-05-09 12:04:23 +0530
  [1m[35m (0.9ms)[0m  [1m[34mSELECT "schema_migrations"."version" FROM "schema_migrations" ORDER BY "schema_migrations"."version" ASC[0m
Processing by PostsController#index as HTML
Completed 401 Unauthorized in 24ms (ActiveRecord: 0.0ms | Allocations: 1325)


Started GET "/users/sign_in" for ::1 at 2021-05-09 12:04:24 +0530
Processing by Devise::SessionsController#new as HTML
  Rendering layout layouts/application.html.erb
  Rendering devise/sessions/new.html.erb within layouts/application
  Rendered devise/shared/_links.html.erb (Duration: 6.4ms | Allocations: 577)
  Rendered devise/sessions/new.html.erb within layouts/application (Duration: 37.2ms | Allocations: 5163)
  Rendered layout layouts/application.html.erb (Duration: 484.7ms | Allocations: 355006)
Completed 200 OK in 558ms (Views: 505.2ms | ActiveRecord: 19.8ms | Allocations: 363169)


Started GET "/users/sign_in" for ::1 at 2021-05-09 13:17:24 +0530
  [1m[35m (3.9ms)[0m  [1m[34mSELECT "schema_migrations"."version" FROM "schema_migrations" ORDER BY "schema_migrations"."version" ASC[0m
Processing by Devise::SessionsController#new as HTML
  Rendering layout layouts/application.html.erb
  Rendering devise/sessions/new.html.erb within layouts/application
  Rendered devise/shared/_links.html.erb (Duration: 2.2ms | Allocations: 577)
  Rendered devise/sessions/new.html.erb within layouts/application (Duration: 51.8ms | Allocations: 10337)
  Rendered layout layouts/application.html.erb (Duration: 209.3ms | Allocations: 287760)
Completed 500 Internal Server Error in 261ms (ActiveRecord: 17.4ms | Allocations: 299091)


  
LoadError (cannot load such file -- sass):
  
app/views/layouts/application.html.erb:12
Started GET "/users/sign_in" for ::1 at 2021-05-09 13:19:03 +0530
  [1m[35m (0.5ms)[0m  [1m[34mSELECT "schema_migrations"."version" FROM "schema_migrations" ORDER BY "schema_migrations"."version" ASC[0m
Processing by Devise::SessionsController#new as HTML
  Rendering layout layouts/application.html.erb
  Rendering devise/sessions/new.html.erb within layouts/application
  Rendered devise/shared/_links.html.erb (Duration: 1.3ms | Allocations: 577)
  Rendered devise/sessions/new.html.erb within layouts/application (Duration: 18.5ms | Allocations: 7345)
  Rendered layout layouts/application.html.erb (Duration: 451.0ms | Allocations: 351853)
Completed 200 OK in 494ms (Views: 456.0ms | ActiveRecord: 5.8ms | Allocations: 361695)


